c:\work\nie2211\new assignment template\engine\engine\debug\vc140.pdb
c:\work\nie2211\new assignment template\engine\engine\debug\vc140.idb
c:\work\nie2211\new assignment template\engine\engine\debug\bumpmapshaderclass.obj
c:\work\nie2211\new assignment template\engine\engine\debug\bumpmodelclass.obj
c:\work\nie2211\new assignment template\engine\engine\debug\cameraclass.obj
c:\work\nie2211\new assignment template\engine\engine\debug\d3dclass.obj
c:\work\nie2211\new assignment template\engine\engine\debug\ddstextureloader.obj
c:\work\nie2211\new assignment template\engine\engine\debug\firemodelclass.obj
c:\work\nie2211\new assignment template\engine\engine\debug\fireshaderclass.obj
c:\work\nie2211\new assignment template\engine\engine\debug\graphicsclass.obj
c:\work\nie2211\new assignment template\engine\engine\debug\inputclass.obj
c:\work\nie2211\new assignment template\engine\engine\debug\lightclass.obj
c:\work\nie2211\new assignment template\engine\engine\debug\lightshaderclass.obj
c:\work\nie2211\new assignment template\engine\engine\debug\main.obj
c:\work\nie2211\new assignment template\engine\engine\debug\modelclass.obj
c:\work\nie2211\new assignment template\engine\engine\debug\positionclass.obj
c:\work\nie2211\new assignment template\engine\engine\debug\systemclass.obj
c:\work\nie2211\new assignment template\engine\engine\debug\textureclass.obj
c:\work\nie2211\new assignment template\engine\engine\debug\textureshaderclass.obj
c:\work\nie2211\new assignment template\engine\engine\debug\timerclass.obj
c:\work\nie2211\new assignment template\engine\engine\debug\shadermanagerclass.obj
c:\work\nie2211\assignment 2 template\engine\engine\debug\vc140.pdb
c:\work\nie2211\assignment 2 template\engine\engine\debug\vc140.idb
c:\work\nie2211\assignment 2 template\engine\engine\debug\bumpmapshaderclass.obj
c:\work\nie2211\assignment 2 template\engine\engine\debug\bumpmodelclass.obj
c:\work\nie2211\assignment 2 template\engine\engine\debug\cameraclass.obj
c:\work\nie2211\assignment 2 template\engine\engine\debug\d3dclass.obj
c:\work\nie2211\assignment 2 template\engine\engine\debug\ddstextureloader.obj
c:\work\nie2211\assignment 2 template\engine\engine\debug\firemodelclass.obj
c:\work\nie2211\assignment 2 template\engine\engine\debug\fireshaderclass.obj
c:\work\nie2211\assignment 2 template\engine\engine\debug\graphicsclass.obj
c:\work\nie2211\assignment 2 template\engine\engine\debug\inputclass.obj
c:\work\nie2211\assignment 2 template\engine\engine\debug\lightclass.obj
c:\work\nie2211\assignment 2 template\engine\engine\debug\lightshaderclass.obj
c:\work\nie2211\assignment 2 template\engine\engine\debug\main.obj
c:\work\nie2211\assignment 2 template\engine\engine\debug\modelclass.obj
c:\work\nie2211\assignment 2 template\engine\engine\debug\positionclass.obj
c:\work\nie2211\assignment 2 template\engine\engine\debug\shadermanagerclass.obj
c:\work\nie2211\assignment 2 template\engine\engine\debug\systemclass.obj
c:\work\nie2211\assignment 2 template\engine\engine\debug\textureclass.obj
c:\work\nie2211\assignment 2 template\engine\engine\debug\textureshaderclass.obj
c:\work\nie2211\assignment 2 template\engine\engine\debug\timerclass.obj
c:\work\nie2211\new assignment template\engine\debug\engine.ilk
c:\work\nie2211\new assignment template\engine\debug\engine.exe
c:\work\nie2211\new assignment template\engine\debug\engine.pdb
c:\work\nie2211\assignment 2 template\engine\debug\engine.ilk
c:\work\nie2211\assignment 2 template\engine\debug\engine.exe
c:\work\nie2211\assignment 2 template\engine\debug\engine.pdb
d:\win8\win8 data and apps\17-18 works\nie2211 studio ii\semester 2\week7\assignment 2 template\engine\engine\debug\bumpmapshaderclass.obj
d:\win8\win8 data and apps\17-18 works\nie2211 studio ii\semester 2\week7\assignment 2 template\engine\engine\debug\bumpmodelclass.obj
d:\win8\win8 data and apps\17-18 works\nie2211 studio ii\semester 2\week7\assignment 2 template\engine\engine\debug\cameraclass.obj
d:\win8\win8 data and apps\17-18 works\nie2211 studio ii\semester 2\week7\assignment 2 template\engine\engine\debug\d3dclass.obj
d:\win8\win8 data and apps\17-18 works\nie2211 studio ii\semester 2\week7\assignment 2 template\engine\engine\debug\ddstextureloader.obj
d:\win8\win8 data and apps\17-18 works\nie2211 studio ii\semester 2\week7\assignment 2 template\engine\engine\debug\firemodelclass.obj
d:\win8\win8 data and apps\17-18 works\nie2211 studio ii\semester 2\week7\assignment 2 template\engine\engine\debug\fireshaderclass.obj
d:\win8\win8 data and apps\17-18 works\nie2211 studio ii\semester 2\week7\assignment 2 template\engine\engine\debug\graphicsclass.obj
d:\win8\win8 data and apps\17-18 works\nie2211 studio ii\semester 2\week7\assignment 2 template\engine\engine\debug\inputclass.obj
d:\win8\win8 data and apps\17-18 works\nie2211 studio ii\semester 2\week7\assignment 2 template\engine\engine\debug\lightclass.obj
d:\win8\win8 data and apps\17-18 works\nie2211 studio ii\semester 2\week7\assignment 2 template\engine\engine\debug\lightshaderclass.obj
d:\win8\win8 data and apps\17-18 works\nie2211 studio ii\semester 2\week7\assignment 2 template\engine\engine\debug\main.obj
d:\win8\win8 data and apps\17-18 works\nie2211 studio ii\semester 2\week7\assignment 2 template\engine\engine\debug\modelclass.obj
d:\win8\win8 data and apps\17-18 works\nie2211 studio ii\semester 2\week7\assignment 2 template\engine\engine\debug\positionclass.obj
d:\win8\win8 data and apps\17-18 works\nie2211 studio ii\semester 2\week7\assignment 2 template\engine\engine\debug\shadermanagerclass.obj
d:\win8\win8 data and apps\17-18 works\nie2211 studio ii\semester 2\week7\assignment 2 template\engine\engine\debug\systemclass.obj
d:\win8\win8 data and apps\17-18 works\nie2211 studio ii\semester 2\week7\assignment 2 template\engine\engine\debug\textureclass.obj
d:\win8\win8 data and apps\17-18 works\nie2211 studio ii\semester 2\week7\assignment 2 template\engine\engine\debug\textureshaderclass.obj
d:\win8\win8 data and apps\17-18 works\nie2211 studio ii\semester 2\week7\assignment 2 template\engine\engine\debug\timerclass.obj
d:\win8\win8 data and apps\17-18 works\nie2211 studio ii\semester 2\week7\assignment 2 template\engine\engine\debug\vc140.idb
d:\win8\win8 data and apps\17-18 works\nie2211 studio ii\semester 2\week7\assignment 2 template\engine\engine\debug\vc140.pdb
d:\win8\win8 data and apps\17-18 works\nie2211 studio ii\semester 2\week7\assignment 2 template\engine\debug\engine.pdb
d:\win8\win8 data and apps\17-18 works\nie2211 studio ii\semester 2\week7\assignment 2 template\engine\debug\engine.exe
d:\win8\win8 data and apps\17-18 works\nie2211 studio ii\semester 2\week7\assignment 2 template\engine\debug\engine.ilk
d:\win8\win8 data and apps\17-18 works\nie2211 studio ii\semester 2\week7\assignment 2 template\engine\engine\debug\engine.tlog\cl.command.1.tlog
d:\win8\win8 data and apps\17-18 works\nie2211 studio ii\semester 2\week7\assignment 2 template\engine\engine\debug\engine.tlog\cl.read.1.tlog
d:\win8\win8 data and apps\17-18 works\nie2211 studio ii\semester 2\week7\assignment 2 template\engine\engine\debug\engine.tlog\cl.write.1.tlog
d:\win8\win8 data and apps\17-18 works\nie2211 studio ii\semester 2\week7\assignment 2 template\engine\engine\debug\engine.tlog\link.command.1.tlog
d:\win8\win8 data and apps\17-18 works\nie2211 studio ii\semester 2\week7\assignment 2 template\engine\engine\debug\engine.tlog\link.read.1.tlog
d:\win8\win8 data and apps\17-18 works\nie2211 studio ii\semester 2\week7\assignment 2 template\engine\engine\debug\engine.tlog\link.write.1.tlog
